\BOOKMARK [0][-]{chapter*.1}{Abstract}{}% 1
\BOOKMARK [0][-]{chapter*.2}{Lay Summary}{}% 2
\BOOKMARK [0][-]{chapter*.3}{Preface}{}% 3
\BOOKMARK [0][-]{chapter*.4}{Table of Contents}{}% 4
\BOOKMARK [0][-]{chapter*.5}{List of Tables}{}% 5
\BOOKMARK [0][-]{chapter*.6}{List of Figures}{}% 6
\BOOKMARK [0][-]{chapter*.7}{Glossary}{}% 7
\BOOKMARK [0][-]{chapter*.8}{Acknowledgments}{}% 8
\BOOKMARK [0][-]{chapter.1}{1 Introduction}{}% 9
\BOOKMARK [1][-]{section.1.1}{1.1 Suggested Thesis Organization}{chapter.1}% 10
\BOOKMARK [1][-]{section.1.2}{1.2 Making Cross-References}{chapter.1}% 11
\BOOKMARK [1][-]{section.1.3}{1.3 Managing Bibliographies with BibTeX}{chapter.1}% 12
\BOOKMARK [2][-]{subsection.1.3.1}{1.3.1 Describing References}{section.1.3}% 13
\BOOKMARK [2][-]{subsection.1.3.2}{1.3.2 Citing References}{section.1.3}% 14
\BOOKMARK [2][-]{subsection.1.3.3}{1.3.3 Formatting Cited References}{section.1.3}% 15
\BOOKMARK [1][-]{section.1.4}{1.4 Typesetting Tables}{chapter.1}% 16
\BOOKMARK [1][-]{section.1.5}{1.5 Figures, Graphics, and Special Characters}{chapter.1}% 17
\BOOKMARK [1][-]{section.1.6}{1.6 Special Characters and Symbols}{chapter.1}% 18
\BOOKMARK [1][-]{section.1.7}{1.7 Changing Page Widths and Heights}{chapter.1}% 19
\BOOKMARK [2][-]{subsection.1.7.1}{1.7.1 The geometry Package}{section.1.7}% 20
\BOOKMARK [2][-]{subsection.1.7.2}{1.7.2 Changing Page Layout Values By Hand}{section.1.7}% 21
\BOOKMARK [2][-]{subsection.1.7.3}{1.7.3 Making Temporary Changes to Page Layout}{section.1.7}% 22
\BOOKMARK [1][-]{section.1.8}{1.8 Keeping Track of Versions with Revision Control}{chapter.1}% 23
\BOOKMARK [1][-]{section.1.9}{1.9 Recommended Packages}{chapter.1}% 24
\BOOKMARK [2][-]{subsection.1.9.1}{1.9.1 Typesetting}{section.1.9}% 25
\BOOKMARK [2][-]{subsection.1.9.2}{1.9.2 Figures, Tables, and Document Extracts}{section.1.9}% 26
\BOOKMARK [2][-]{subsection.1.9.3}{1.9.3 Bibliography Related Packages}{section.1.9}% 27
\BOOKMARK [1][-]{section.1.10}{1.10 Moving On}{chapter.1}% 28
\BOOKMARK [0][-]{appendix.A}{A Supporting Materials}{}% 29
